-------------------------------------------------------------------------------
Test set: tests.RegisterTest
-------------------------------------------------------------------------------
Tests run: 1, Failures: 0, Errors: 1, Skipped: 0, Time elapsed: 32.79 s <<< FAILURE! -- in tests.RegisterTest
tests.RegisterTest.testRegister -- Time elapsed: 32.79 s <<< ERROR!
com.microsoft.playwright.TimeoutError: 
Error {
  message='Timeout 30000ms exceeded.
  name='TimeoutError
  stack='TimeoutError: Timeout 30000ms exceeded.
    at ProgressController.run (C:\Users\MEENAK~1.SUN\AppData\Local\Temp\playwright-java-6510944034881526089\package\lib\server\progress.js:65:26)
    at FrameDispatcher._runCommand (C:\Users\MEENAK~1.SUN\AppData\Local\Temp\playwright-java-6510944034881526089\package\lib\server\dispatchers\dispatcher.js:91:31)
    at DispatcherConnection.dispatch (C:\Users\MEENAK~1.SUN\AppData\Local\Temp\playwright-java-6510944034881526089\package\lib\server\dispatchers\dispatcher.js:322:39)
}
Call log:
-   - navigating to "https://parabank.parasoft.com/parabank/index.htm", waiting until "load"

	at com.microsoft.playwright.impl.WaitableResult.get(WaitableResult.java:52)
	at com.microsoft.playwright.impl.ChannelOwner.runUntil(ChannelOwner.java:138)
	at com.microsoft.playwright.impl.Connection.sendMessage(Connection.java:131)
	at com.microsoft.playwright.impl.ChannelOwner.sendMessage(ChannelOwner.java:124)
	at com.microsoft.playwright.impl.FrameImpl.navigateImpl(FrameImpl.java:419)
	at com.microsoft.playwright.impl.PageImpl.navigate(PageImpl.java:918)
	at com.microsoft.playwright.impl.PageImpl.navigate(PageImpl.java:42)
	at com.microsoft.playwright.Page.navigate(Page.java:5491)
	at utils.DriverFactory.initDriver(DriverFactory.java:30)
	at base.BaseTest.start(BaseTest.java:11)
	at java.base/java.lang.reflect.Method.invoke(Method.java:580)
	at java.base/java.util.ArrayList.forEach(ArrayList.java:1596)
	at java.base/java.util.ArrayList.forEach(ArrayList.java:1596)
Caused by: com.microsoft.playwright.TimeoutError: Error {
  message='Timeout 30000ms exceeded.
  name='TimeoutError
  stack='TimeoutError: Timeout 30000ms exceeded.
    at ProgressController.run (C:\Users\MEENAK~1.SUN\AppData\Local\Temp\playwright-java-6510944034881526089\package\lib\server\progress.js:65:26)
    at FrameDispatcher._runCommand (C:\Users\MEENAK~1.SUN\AppData\Local\Temp\playwright-java-6510944034881526089\package\lib\server\dispatchers\dispatcher.js:91:31)
    at DispatcherConnection.dispatch (C:\Users\MEENAK~1.SUN\AppData\Local\Temp\playwright-java-6510944034881526089\package\lib\server\dispatchers\dispatcher.js:322:39)
}
Call log:
-   - navigating to "https://parabank.parasoft.com/parabank/index.htm", waiting until "load"

	at com.microsoft.playwright.impl.Connection.dispatch(Connection.java:257)
	at com.microsoft.playwright.impl.Connection.processOneMessage(Connection.java:214)
	at com.microsoft.playwright.impl.ChannelOwner.runUntil(ChannelOwner.java:136)
	... 11 more

