<?xml version="1.0" encoding="UTF-8"?>
<testsuite xmlns:xsi="http://www.w3.org/2001/XMLSchema-instance" xsi:noNamespaceSchemaLocation="https://maven.apache.org/surefire/maven-surefire-plugin/xsd/surefire-test-report.xsd" version="3.0.1" name="tests.BillPayTest" time="31.861" tests="1" errors="0" skipped="0" failures="0">
  <properties>
[...]
</properties>
  <testcase name="testBillPay" classname="tests.BillPayTest" time="37.334">
    <error message="Error {&#10;  message=&apos;Timeout 30000ms exceeded.&#10;  name=&apos;TimeoutError&#10;  stack=&apos;TimeoutError: Timeout 30000ms exceeded.&#10;    at ProgressController.run (C:\Users\MEENAK~1.SUN\AppData\Local\Temp\playwright-java-6510944034881526089\package\lib\server\progress.js:65:26)&#10;    at FrameDispatcher._runCommand (C:\Users\MEENAK~1.SUN\AppData\Local\Temp\playwright-java-6510944034881526089\package\lib\server\dispatchers\dispatcher.js:91:31)&#10;    at DispatcherConnection.dispatch (C:\Users\MEENAK~1.SUN\AppData\Local\Temp\playwright-java-6510944034881526089\package\lib\server\dispatchers\dispatcher.js:322:39)&#10;}&#10;Call log:&#10;-   - navigating to &quot;https://parabank.parasoft.com/parabank/index.htm&quot;, waiting until &quot;load&quot;&#10;" type="com.microsoft.playwright.TimeoutError"><![CDATA[com.microsoft.playwright.TimeoutError: 
Error {
  message='Timeout 30000ms exceeded.
  name='TimeoutError
  stack='TimeoutError: Timeout 30000ms exceeded.
    at ProgressController.run (C:\Users\MEENAK~1.SUN\AppData\Local\Temp\playwright-java-6510944034881526089\package\lib\server\progress.js:65:26)
    at FrameDispatcher._runCommand (C:\Users\MEENAK~1.SUN\AppData\Local\Temp\playwright-java-6510944034881526089\package\lib\server\dispatchers\dispatcher.js:91:31)
    at DispatcherConnection.dispatch (C:\Users\MEENAK~1.SUN\AppData\Local\Temp\playwright-java-6510944034881526089\package\lib\server\dispatchers\dispatcher.js:322:39)
}
Call log:
-   - navigating to "https://parabank.parasoft.com/parabank/index.htm", waiting until "load"

	at com.microsoft.playwright.impl.WaitableResult.get(WaitableResult.java:52)
	at com.microsoft.playwright.impl.ChannelOwner.runUntil(ChannelOwner.java:138)
	at com.microsoft.playwright.impl.Connection.sendMessage(Connection.java:131)
	at com.microsoft.playwright.impl.ChannelOwner.sendMessage(ChannelOwner.java:124)
	at com.microsoft.playwright.impl.FrameImpl.navigateImpl(FrameImpl.java:419)
	at com.microsoft.playwright.impl.PageImpl.navigate(PageImpl.java:918)
	at com.microsoft.playwright.impl.PageImpl.navigate(PageImpl.java:42)
	at com.microsoft.playwright.Page.navigate(Page.java:5491)
	at utils.DriverFactory.initDriver(DriverFactory.java:30)
	at base.BaseTest.start(BaseTest.java:11)
	at java.base/java.lang.reflect.Method.invoke(Method.java:580)
	at java.base/java.util.ArrayList.forEach(ArrayList.java:1596)
	at java.base/java.util.ArrayList.forEach(ArrayList.java:1596)
Caused by: com.microsoft.playwright.TimeoutError: Error {
  message='Timeout 30000ms exceeded.
  name='TimeoutError
  stack='TimeoutError: Timeout 30000ms exceeded.
    at ProgressController.run (C:\Users\MEENAK~1.SUN\AppData\Local\Temp\playwright-java-6510944034881526089\package\lib\server\progress.js:65:26)
    at FrameDispatcher._runCommand (C:\Users\MEENAK~1.SUN\AppData\Local\Temp\playwright-java-6510944034881526089\package\lib\server\dispatchers\dispatcher.js:91:31)
    at DispatcherConnection.dispatch (C:\Users\MEENAK~1.SUN\AppData\Local\Temp\playwright-java-6510944034881526089\package\lib\server\dispatchers\dispatcher.js:322:39)
}
Call log:
-   - navigating to "https://parabank.parasoft.com/parabank/index.htm", waiting until "load"

	at com.microsoft.playwright.impl.Connection.dispatch(Connection.java:257)
	at com.microsoft.playwright.impl.Connection.processOneMessage(Connection.java:214)
	at com.microsoft.playwright.impl.ChannelOwner.runUntil(ChannelOwner.java:136)
	... 11 more
]]></error>
  </testcase>
  <testcase name="testBillPay" classname="tests.BillPayTest" time="31.859"/>
</testsuite>